#-----------------------------------------------------------
# xsim v2018.3 (64-bit)
# SW Build 2405991 on Thu Dec  6 23:38:27 MST 2018
# IP Build 2404404 on Fri Dec  7 01:43:56 MST 2018
# Start of session at: Tue Dec 15 11:02:52 2020
# Process ID: 12716
# Current directory: C:/Users/pablo/Documents/Empotrados/VivadoHLS/Convolucion/solution1/sim/verilog
# Command line: xsim.exe -mode tcl -source {xsim.dir/img_filter/xsim_script.tcl}
# Log file: C:/Users/pablo/Documents/Empotrados/VivadoHLS/Convolucion/solution1/sim/verilog/xsim.log
# Journal file: C:/Users/pablo/Documents/Empotrados/VivadoHLS/Convolucion/solution1/sim/verilog\xsim.jou
#-----------------------------------------------------------
source xsim.dir/img_filter/xsim_script.tcl
# xsim {img_filter} -autoloadwcfg -tclbatch {img_filter.tcl}
Vivado Simulator 2018.3
Time resolution is 1 ps
source img_filter.tcl
## run all
////////////////////////////////////////////////////////////////////////////////////
// Inter-Transaction Progress: Completed Transaction / Total Transaction
// Intra-Transaction Progress: Measured Latency / Latency Estimation * 100%
//
// RTL Simulation : "Inter-Transaction Progress" ["Intra-Transaction Progress"] @ "Simulation Time"
////////////////////////////////////////////////////////////////////////////////////
// RTL Simulation : 0 / 1 [0.00%] @ "125000"
// RTL Simulation : 0 / 1 [67.81%] @ "100000145000"
// RTL Simulation : 1 / 1 [100.00%] @ "147478705000"
////////////////////////////////////////////////////////////////////////////////////
$finish called at time : 147478745 ns : File "C:/Users/pablo/Documents/Empotrados/VivadoHLS/Convolucion/solution1/sim/verilog/img_filter.autotb.v" Line 940
run: Time (s): cpu = 00:00:00 ; elapsed = 00:08:47 . Memory (MB): peak = 218.508 ; gain = 0.000
## quit
INFO: [Common 17-206] Exiting xsim at Tue Dec 15 11:11:48 2020...
