

================================================================
== Vivado HLS Report for 'img_filter'
================================================================
* Date:           Mon Dec 14 11:51:30 2020

* Version:        2018.3 (Build 2405991 on Thu Dec 06 23:56:15 MST 2018)
* Project:        Convolucion
* Solution:       solution1
* Product family: zynquplus
* Target device:  xczu3eg-sbva484-1-e


================================================================
== Performance Estimates
================================================================
+ Timing (ns): 
    * Summary: 
    +--------+-------+----------+------------+
    |  Clock | Target| Estimated| Uncertainty|
    +--------+-------+----------+------------+
    |ap_clk  |  10.00|     5.920|        1.25|
    +--------+-------+----------+------------+

+ Latency (clock cycles): 
    * Summary: 
    +----------+----------+----------+----------+---------+
    |       Latency       |       Interval      | Pipeline|
    |    min   |    max   |    min   |    max   |   Type  |
    +----------+----------+----------+----------+---------+
    |  14747856|  14747856|  14747856|  14747856|   none  |
    +----------+----------+----------+----------+---------+

    + Detail: 
        * Instance: 
        N/A

        * Loop: 
        +---------------------+----------+----------+----------+-----------+-----------+------+----------+
        |                     |       Latency       | Iteration|  Initiation Interval  | Trip |          |
        |      Loop Name      |    min   |    max   |  Latency |  achieved |   target  | Count| Pipelined|
        +---------------------+----------+----------+----------+-----------+-----------+------+----------+
        |- Loop 1             |      1278|      1278|       639|          -|          -|     2|    no    |
        | + Loop 1.1          |       637|       637|         1|          -|          -|   637|    no    |
        |- Loop 2             |        15|        15|         5|          -|          -|     3|    no    |
        | + Loop 2.1          |         3|         3|         1|          -|          -|     3|    no    |
        |- Loop 3             |  14746560|  14746560|     30722|          -|          -|   480|    no    |
        | + Loop 3.1          |     30720|     30720|        48|          -|          -|   640|    no    |
        |  ++ Loop 3.1.1      |        21|        21|         7|          -|          -|     3|    no    |
        |   +++ Loop 3.1.1.1  |         4|         4|         2|          -|          -|     2|    no    |
        |  ++ Loop 3.1.2      |        24|        24|         8|          -|          -|     3|    no    |
        |   +++ Loop 3.1.2.1  |         6|         6|         2|          -|          -|     3|    no    |
        +---------------------+----------+----------+----------+-----------+-----------+------+----------+



================================================================
== Utilization Estimates
================================================================
* Summary: 
+-----------------+---------+-------+--------+-------+-----+
|       Name      | BRAM_18K| DSP48E|   FF   |  LUT  | URAM|
+-----------------+---------+-------+--------+-------+-----+
|DSP              |        -|      2|       -|      -|    -|
|Expression       |        -|      -|       0|    486|    -|
|FIFO             |        2|      -|      72|    102|    -|
|Instance         |        -|      -|       -|      -|    -|
|Memory           |        0|      -|      19|      3|    -|
|Multiplexer      |        -|      -|       -|    403|    -|
|Register         |        -|      -|     196|      -|    -|
+-----------------+---------+-------+--------+-------+-----+
|Total            |        2|      2|     287|    994|    0|
+-----------------+---------+-------+--------+-------+-----+
|Available        |      432|    360|  141120|  70560|    0|
+-----------------+---------+-------+--------+-------+-----+
|Utilization (%)  |    ~0   |   ~0  |   ~0   |      1|    0|
+-----------------+---------+-------+--------+-------+-----+

+ Detail: 
    * Instance: 
    N/A

    * DSP48: 
    +-------------------------+----------------------+----------------+
    |         Instance        |        Module        |   Expression   |
    +-------------------------+----------------------+----------------+
    |img_filter_am_addcud_U1  |img_filter_am_addcud  | i0 * (i1 + i2) |
    |img_filter_mac_mudEe_U2  |img_filter_mac_mudEe  |  i0 + i1 * i2  |
    +-------------------------+----------------------+----------------+

    * Memory: 
    +-----------------+----------------------+---------+----+----+------+-----+------+-------------+
    |      Memory     |        Module        | BRAM_18K| FF | LUT| Words| Bits| Banks| W*Bits*Banks|
    +-----------------+----------------------+---------+----+----+------+-----+------+-------------+
    |conv_window_V_U  |img_filter_conv_wbkb  |        0|  16|   2|     9|    8|     1|           72|
    |kernel_U         |img_filter_kernel     |        0|   3|   1|     9|    3|     1|           27|
    +-----------------+----------------------+---------+----+----+------+-----+------+-------------+
    |Total            |                      |        0|  19|   3|    18|   11|     2|           99|
    +-----------------+----------------------+---------+----+----+------+-----+------+-------------+

    * FIFO: 
    +--------------------------+---------+----+----+------+-----+---------+
    |           Name           | BRAM_18K| FF | LUT| Depth| Bits| Size:D*B|
    +--------------------------+---------+----+----+------+-----+---------+
    |line_buffer_0_V_V_fifo_U  |        1|  36|  51|   480|    8|     3840|
    |line_buffer_1_V_V_fifo_U  |        1|  36|  51|   480|    8|     3840|
    +--------------------------+---------+----+----+------+-----+---------+
    |Total                     |        2|  72| 102|   960|   16|     7680|
    +--------------------------+---------+----+----+------+-----+---------+

    * Expression: 
    +----------------------------------+----------+-------+---+----+------------+------------+
    |           Variable Name          | Operation| DSP48E| FF| LUT| Bitwidth P0| Bitwidth P1|
    +----------------------------------+----------+-------+---+----+------------+------------+
    |col_1_fu_566_p2                   |     +    |      0|  0|  17|          10|           1|
    |i_1_fu_457_p2                     |     +    |      0|  0|   9|           2|           1|
    |i_2_fu_485_p2                     |     +    |      0|  0|   9|           2|           1|
    |i_3_fu_760_p2                     |     +    |      0|  0|   9|           2|           1|
    |i_4_fu_637_p2                     |     +    |      0|  0|   9|           2|           1|
    |j_1_fu_473_p2                     |     +    |      0|  0|  17|          10|           1|
    |j_2_fu_519_p2                     |     +    |      0|  0|   9|           2|           1|
    |j_3_fu_682_p2                     |     +    |      0|  0|   9|           2|           1|
    |j_4_fu_866_p2                     |     +    |      0|  0|   9|           2|           1|
    |ret_V_fu_604_p2                   |     +    |      0|  0|  16|           9|           9|
    |row_1_fu_545_p2                   |     +    |      0|  0|  16|           9|           1|
    |tmp_16_fu_692_p2                  |     +    |      0|  0|  15|           5|           5|
    |tmp_18_fu_701_p2                  |     +    |      0|  0|  15|           5|           5|
    |tmp_21_fu_872_p2                  |     +    |      0|  0|  15|           5|           5|
    |tmp_2_fu_529_p2                   |     +    |      0|  0|  15|           5|           5|
    |tmp_9_fu_665_p2                   |     +    |      0|  0|  15|           5|           2|
    |tmp_15_fu_778_p2                  |     -    |      0|  0|  15|           5|           5|
    |tmp_1_fu_507_p2                   |     -    |      0|  0|  15|           5|           5|
    |tmp_23_fu_735_p2                  |     -    |      0|  0|  15|           5|           5|
    |tmp_8_fu_659_p2                   |     -    |      0|  0|  15|           5|           5|
    |ap_block_state12                  |    and   |      0|  0|   2|           1|           1|
    |ap_block_state7                   |    and   |      0|  0|   2|           1|           1|
    |ap_condition_282                  |    and   |      0|  0|   2|           1|           1|
    |ap_predicate_op158_read_state9    |    and   |      0|  0|   2|           1|           1|
    |ap_predicate_op160_read_state9    |    and   |      0|  0|   2|           1|           1|
    |ap_predicate_op178_write_state11  |    and   |      0|  0|   2|           1|           1|
    |ap_predicate_op180_write_state11  |    and   |      0|  0|   2|           1|           1|
    |ap_predicate_op67_write_state3    |    and   |      0|  0|   2|           1|           1|
    |ap_predicate_op69_write_state3    |    and   |      0|  0|   2|           1|           1|
    |in_V_id_V0_status                 |    and   |      0|  0|   2|           1|           1|
    |out_V_id_V1_status                |    and   |      0|  0|   2|           1|           1|
    |out_V_last_V_din                  |    and   |      0|  0|   2|           1|           1|
    |exitcond1_fu_451_p2               |   icmp   |      0|  0|   9|           2|           3|
    |exitcond2_fu_479_p2               |   icmp   |      0|  0|   8|           2|           2|
    |exitcond3_fu_467_p2               |   icmp   |      0|  0|  13|          10|          10|
    |exitcond4_fu_539_p2               |   icmp   |      0|  0|  13|           9|           7|
    |exitcond5_fu_513_p2               |   icmp   |      0|  0|   8|           2|           2|
    |exitcond6_fu_560_p2               |   icmp   |      0|  0|  13|          10|          10|
    |exitcond7_fu_631_p2               |   icmp   |      0|  0|   8|           2|           2|
    |exitcond8_fu_754_p2               |   icmp   |      0|  0|   8|           2|           2|
    |exitcond9_fu_676_p2               |   icmp   |      0|  0|   9|           2|           3|
    |exitcond_fu_860_p2                |   icmp   |      0|  0|   8|           2|           2|
    |icmp_fu_794_p2                    |   icmp   |      0|  0|  20|          24|           1|
    |tmp_10_fu_711_p2                  |   icmp   |      0|  0|   9|           2|           3|
    |tmp_5_fu_551_p2                   |   icmp   |      0|  0|  13|           9|           7|
    |tmp_6_fu_839_p2                   |   icmp   |      0|  0|  13|          10|          10|
    |ap_block_state11                  |    or    |      0|  0|   2|           1|           1|
    |ap_block_state3                   |    or    |      0|  0|   2|           1|           1|
    |ap_block_state9                   |    or    |      0|  0|   2|           1|           1|
    |p_0340_2_41_fu_800_p3             |  select  |      0|  0|  32|           1|           8|
    |tmp_4_fu_820_p3                   |  select  |      0|  0|   8|           1|           1|
    +----------------------------------+----------+-------+---+----+------------+------------+
    |Total                             |          |      0|  0| 486|         202|         149|
    +----------------------------------+----------+-------+---+----+------------+------------+

    * Multiplexer: 
    +------------------------+----+-----------+-----+-----------+
    |          Name          | LUT| Input Size| Bits| Total Bits|
    +------------------------+----+-----------+-----+-----------+
    |ap_NS_fsm               |  62|         15|    1|         15|
    |col_reg_362             |   9|          2|   10|         20|
    |conv_window_V_address0  |  41|          8|    4|         32|
    |conv_window_V_d0        |  27|          5|    8|         40|
    |i5_reg_329              |   9|          2|    2|          4|
    |i7_reg_374              |   9|          2|    2|          4|
    |i9_reg_417              |   9|          2|    2|          4|
    |i_reg_307               |   9|          2|    2|          4|
    |in_V_data_V_blk_n       |   9|          2|    1|          2|
    |in_V_dest_V_blk_n       |   9|          2|    1|          2|
    |in_V_id_V_blk_n         |   9|          2|    1|          2|
    |in_V_keep_V_blk_n       |   9|          2|    1|          2|
    |in_V_last_V_blk_n       |   9|          2|    1|          2|
    |in_V_strb_V_blk_n       |   9|          2|    1|          2|
    |in_V_user_V_blk_n       |   9|          2|    1|          2|
    |j4_reg_440              |   9|          2|    2|          4|
    |j6_reg_340              |   9|          2|    2|          4|
    |j8_reg_386              |   9|          2|    2|          4|
    |j_reg_318               |   9|          2|   10|         20|
    |line_buffer_0_V_V_din   |  15|          3|    8|         24|
    |line_buffer_1_V_V_din   |  15|          3|    8|         24|
    |out_V_data_V_blk_n      |   9|          2|    1|          2|
    |out_V_dest_V_blk_n      |   9|          2|    1|          2|
    |out_V_id_V_blk_n        |   9|          2|    1|          2|
    |out_V_keep_V_blk_n      |   9|          2|    1|          2|
    |out_V_last_V_blk_n      |   9|          2|    1|          2|
    |out_V_strb_V_blk_n      |   9|          2|    1|          2|
    |out_V_user_V_blk_n      |   9|          2|    1|          2|
    |p_0340_2_reg_407        |   9|          2|   32|         64|
    |p_0340_3_reg_428        |   9|          2|   32|         64|
    |row_reg_351             |   9|          2|    9|         18|
    |tmp_V_11_reg_397        |   9|          2|    8|         16|
    +------------------------+----+-----------+-----+-----------+
    |Total                   | 403|         88|  158|        393|
    +------------------------+----+-----------+-----+-----------+

    * Register: 
    +-------------------------------+----+----+-----+-----------+
    |              Name             | FF | LUT| Bits| Const Bits|
    +-------------------------------+----+----+-----+-----------+
    |ap_CS_fsm                      |  14|   0|   14|          0|
    |col_1_reg_1001                 |  10|   0|   10|          0|
    |col_reg_362                    |  10|   0|   10|          0|
    |conv_window_V_addr_2_reg_1027  |   4|   0|    4|          0|
    |i5_reg_329                     |   2|   0|    2|          0|
    |i7_reg_374                     |   2|   0|    2|          0|
    |i9_reg_417                     |   2|   0|    2|          0|
    |i_1_reg_936                    |   2|   0|    2|          0|
    |i_2_reg_956                    |   2|   0|    2|          0|
    |i_3_reg_1076                   |   2|   0|    2|          0|
    |i_4_reg_1014                   |   2|   0|    2|          0|
    |i_reg_307                      |   2|   0|    2|          0|
    |j4_reg_440                     |   2|   0|    2|          0|
    |j6_reg_340                     |   2|   0|    2|          0|
    |j8_reg_386                     |   2|   0|    2|          0|
    |j_3_reg_1035                   |   2|   0|    2|          0|
    |j_4_reg_1089                   |   2|   0|    2|          0|
    |j_reg_318                      |  10|   0|   10|          0|
    |p_0340_2_reg_407               |  32|   0|   32|          0|
    |p_0340_3_reg_428               |  32|   0|   32|          0|
    |pixel_gray_V_reg_1006          |   8|   0|    8|          0|
    |row_1_reg_983                  |   9|   0|    9|          0|
    |row_reg_351                    |   9|   0|    9|          0|
    |tmp_10_reg_1050                |   1|   0|    1|          0|
    |tmp_15_reg_1081                |   5|   0|    5|          0|
    |tmp_16_reg_1040                |   5|   0|    5|          0|
    |tmp_1_reg_961                  |   5|   0|    5|          0|
    |tmp_20_reg_1054                |   1|   0|    1|          0|
    |tmp_5_reg_988                  |   1|   0|    1|          0|
    |tmp_8_reg_1021                 |   5|   0|    5|          0|
    |tmp_V_11_reg_397               |   8|   0|    8|          0|
    |tmp_reg_941                    |   1|   0|    1|          0|
    +-------------------------------+----+----+-----+-----------+
    |Total                          | 196|   0|  196|          0|
    +-------------------------------+----+----+-----+-----------+



================================================================
== Interface
================================================================
* Summary: 
+---------------------+-----+-----+------------+--------------+--------------+
|      RTL Ports      | Dir | Bits|  Protocol  | Source Object|    C Type    |
+---------------------+-----+-----+------------+--------------+--------------+
|ap_clk               |  in |    1| ap_ctrl_hs |  img_filter  | return value |
|ap_rst               |  in |    1| ap_ctrl_hs |  img_filter  | return value |
|ap_start             |  in |    1| ap_ctrl_hs |  img_filter  | return value |
|ap_done              | out |    1| ap_ctrl_hs |  img_filter  | return value |
|ap_idle              | out |    1| ap_ctrl_hs |  img_filter  | return value |
|ap_ready             | out |    1| ap_ctrl_hs |  img_filter  | return value |
|in_V_data_V_dout     |  in |   24|   ap_fifo  |  in_V_data_V |    pointer   |
|in_V_data_V_empty_n  |  in |    1|   ap_fifo  |  in_V_data_V |    pointer   |
|in_V_data_V_read     | out |    1|   ap_fifo  |  in_V_data_V |    pointer   |
|in_V_keep_V_dout     |  in |    3|   ap_fifo  |  in_V_keep_V |    pointer   |
|in_V_keep_V_empty_n  |  in |    1|   ap_fifo  |  in_V_keep_V |    pointer   |
|in_V_keep_V_read     | out |    1|   ap_fifo  |  in_V_keep_V |    pointer   |
|in_V_strb_V_dout     |  in |    3|   ap_fifo  |  in_V_strb_V |    pointer   |
|in_V_strb_V_empty_n  |  in |    1|   ap_fifo  |  in_V_strb_V |    pointer   |
|in_V_strb_V_read     | out |    1|   ap_fifo  |  in_V_strb_V |    pointer   |
|in_V_user_V_dout     |  in |    1|   ap_fifo  |  in_V_user_V |    pointer   |
|in_V_user_V_empty_n  |  in |    1|   ap_fifo  |  in_V_user_V |    pointer   |
|in_V_user_V_read     | out |    1|   ap_fifo  |  in_V_user_V |    pointer   |
|in_V_last_V_dout     |  in |    1|   ap_fifo  |  in_V_last_V |    pointer   |
|in_V_last_V_empty_n  |  in |    1|   ap_fifo  |  in_V_last_V |    pointer   |
|in_V_last_V_read     | out |    1|   ap_fifo  |  in_V_last_V |    pointer   |
|in_V_id_V_dout       |  in |    1|   ap_fifo  |   in_V_id_V  |    pointer   |
|in_V_id_V_empty_n    |  in |    1|   ap_fifo  |   in_V_id_V  |    pointer   |
|in_V_id_V_read       | out |    1|   ap_fifo  |   in_V_id_V  |    pointer   |
|in_V_dest_V_dout     |  in |    1|   ap_fifo  |  in_V_dest_V |    pointer   |
|in_V_dest_V_empty_n  |  in |    1|   ap_fifo  |  in_V_dest_V |    pointer   |
|in_V_dest_V_read     | out |    1|   ap_fifo  |  in_V_dest_V |    pointer   |
|out_V_data_V_din     | out |   24|   ap_fifo  | out_V_data_V |    pointer   |
|out_V_data_V_full_n  |  in |    1|   ap_fifo  | out_V_data_V |    pointer   |
|out_V_data_V_write   | out |    1|   ap_fifo  | out_V_data_V |    pointer   |
|out_V_keep_V_din     | out |    3|   ap_fifo  | out_V_keep_V |    pointer   |
|out_V_keep_V_full_n  |  in |    1|   ap_fifo  | out_V_keep_V |    pointer   |
|out_V_keep_V_write   | out |    1|   ap_fifo  | out_V_keep_V |    pointer   |
|out_V_strb_V_din     | out |    3|   ap_fifo  | out_V_strb_V |    pointer   |
|out_V_strb_V_full_n  |  in |    1|   ap_fifo  | out_V_strb_V |    pointer   |
|out_V_strb_V_write   | out |    1|   ap_fifo  | out_V_strb_V |    pointer   |
|out_V_user_V_din     | out |    1|   ap_fifo  | out_V_user_V |    pointer   |
|out_V_user_V_full_n  |  in |    1|   ap_fifo  | out_V_user_V |    pointer   |
|out_V_user_V_write   | out |    1|   ap_fifo  | out_V_user_V |    pointer   |
|out_V_last_V_din     | out |    1|   ap_fifo  | out_V_last_V |    pointer   |
|out_V_last_V_full_n  |  in |    1|   ap_fifo  | out_V_last_V |    pointer   |
|out_V_last_V_write   | out |    1|   ap_fifo  | out_V_last_V |    pointer   |
|out_V_id_V_din       | out |    1|   ap_fifo  |  out_V_id_V  |    pointer   |
|out_V_id_V_full_n    |  in |    1|   ap_fifo  |  out_V_id_V  |    pointer   |
|out_V_id_V_write     | out |    1|   ap_fifo  |  out_V_id_V  |    pointer   |
|out_V_dest_V_din     | out |    1|   ap_fifo  | out_V_dest_V |    pointer   |
|out_V_dest_V_full_n  |  in |    1|   ap_fifo  | out_V_dest_V |    pointer   |
|out_V_dest_V_write   | out |    1|   ap_fifo  | out_V_dest_V |    pointer   |
+---------------------+-----+-----+------------+--------------+--------------+

